[13:13:21] [INFO] More Chickens PreInit...
[13:16:42] [INFO] More Chickens Init...
[13:16:42] [INFO] Looking for More Chickens addon...
[13:16:42] [INFO] Loading More Chickens addon...
[13:16:42] [INFO] Looking for Base Metals addon...
[13:16:42] [INFO] Loading Base Metals addon...
[13:16:42] [ERROR] Error Registering (basemetals) Chicken: 'malachitechicken' It's LayItem was null
[13:16:42] [ERROR] Error Registering (basemetals) Chicken: 'peridotchicken' It's LayItem was null
[13:16:42] [ERROR] Error Registering (basemetals) Chicken: 'garnetchicken' It's LayItem was null
[13:16:42] [INFO] Looking for Botania addon...
[13:16:42] [INFO] Loading Botania addon...
[13:16:42] [INFO] Looking for Draconic Evolution addon...
[13:16:42] [INFO] Loading Draconic Evolution addon...
[13:16:42] [INFO] Looking for EnderIO addon...
[13:16:42] [INFO] Loading EnderIO addon...
[13:16:42] [INFO] Looking for Extreme Reactors addon...
[13:16:42] [INFO] Looking for Immersive Engineering addon...
[13:16:42] [INFO] Loading Immersive Engineering addon...
[13:16:42] [INFO] Looking for Mekanism addon...
[13:16:42] [INFO] Loading Mekanism addon...
[13:16:42] [INFO] Looking for Thermal Foundation addon...
[13:16:42] [INFO] Loading Thermal Foundation addon...
[13:16:42] [INFO] Looking for Tinkers Construct addon...
[13:16:42] [INFO] Loading Tinkers Construct addon...
[13:16:42] [INFO] Looking for Ars Magica 2 addon...
[13:16:42] [INFO] Looking for EvilCraft addon...
[13:16:42] [INFO] Looking for MineFactory Reloaded addon...
[13:16:42] [INFO] Looking for Actually Additions addon...
[13:16:42] [INFO] Loading Actually Additions addon...
[13:16:42] [INFO] Looking for Extra Utilities 2 addon...
[13:16:42] [INFO] Loading Extra Utilities 2 addon...
[13:16:42] [INFO] Looking for Refined Storage addon...
[13:16:42] [INFO] Looking for Tech Reborn addon...
[13:16:42] [INFO] Loading Tech Reborn addon...
[13:16:42] [ERROR] Error Registering (techreborn) Chicken: 'yellowgarnetchicken' It's LayItem was null
[13:16:42] [ERROR] Error Registering (techreborn) Chicken: 'tungstensteelchicken' It's LayItem was null
[13:16:42] [ERROR] Error Registering (techreborn) Chicken: 'refinedironchicken' It's LayItem was null
[13:16:42] [ERROR] Could not find Parent 1 for xpChicken
[13:16:42] [ERROR] Could not find Parent 1 for invarchicken
[13:16:42] [ERROR] Could not find Parent 2 for electrumchicken
[13:16:42] [ERROR] Could not find Parent 1 for steelchicken
[13:16:42] [ERROR] Could not find Parent 2 for copperchicken
[13:16:42] [ERROR] Could not find Parent 1 for leadchicken
[13:16:42] [ERROR] Could not find Parent 1 for tinchicken
[13:16:42] [ERROR] Could not find Parent 1 for nickelchicken
[13:16:42] [ERROR] Could not find Parent 1 for zincchicken
[13:16:42] [ERROR] Could not find Parent 1 for silverorechicken
[13:16:42] [ERROR] Could not find Parent 1 for sulfurchicken
[13:16:42] [ERROR] Could not find Parent 2 for saltpeterchicken
[13:16:42] [ERROR] Could not find Parent 1 for siliconchicken
[13:16:42] [ERROR] Could not find Parent 1 for aluminumChicken
[13:16:42] [ERROR] Could not find Parent 2 for amberchicken
[13:16:42] [ERROR] Could not find Parent 1 for amethystchicken
[13:16:42] [ERROR] Could not find Parent 1 for tanzanitechicken
[13:16:42] [ERROR] Could not find Parent 1 for topazchicken
[13:16:42] [ERROR] Could not find Parent 2 for saltchicken
[13:16:42] [ERROR] Could not find Parent 1 for rubberchicken
[13:16:42] [ERROR] Could not find Parent 1 for manasteelchicken
[13:16:42] [ERROR] Could not find Parent 1 for terrasteelchicken
[13:16:42] [ERROR] Could not find Parent 2 for draconiumChicken
[13:16:42] [ERROR] Could not find Parent 2 for draconiumAwakenedChicken
[13:16:42] [ERROR] Could not find Parent 1 for electricalSteelChicken
[13:16:42] [ERROR] Could not find Parent 1 for energeticAlloyChicken
[13:16:42] [ERROR] Could not find Parent 2 for vibrantAlloyChicken
[13:16:42] [ERROR] Could not find Parent 1 for redstoneAlloyChicken
[13:16:42] [ERROR] Could not find Parent 1 for conductiveIronChicken
[13:16:42] [ERROR] Could not find Parent 1 for pulsatingIronChicken
[13:16:42] [ERROR] Could not find Parent 1 for darkSteelChicken
[13:16:42] [ERROR] Could not find Parent 1 for soulariumChicken
[13:16:42] [ERROR] Could not find Parent 1 for uraniumChicken
[13:16:42] [ERROR] Could not find Parent 1 for osmiumChicken
[13:16:42] [ERROR] Could not find Parent 2 for basalzRodChicken
[13:16:42] [ERROR] Could not find Parent 2 for blizzRodChicken
[13:16:42] [ERROR] Could not find Parent 1 for slagChicken
[13:16:42] [ERROR] Could not find Parent 2 for cinnabarChicken
[13:16:42] [ERROR] Could not find Parent 2 for enderiumChicken
[13:16:42] [ERROR] Could not find Parent 2 for lumiumChicken
[13:16:42] [ERROR] Could not find Parent 2 for mithrilChicken
[13:16:42] [ERROR] Could not find Parent 1 for arditeChicken
[13:16:42] [ERROR] Could not find Parent 2 for cobaltChicken
[13:16:42] [ERROR] Could not find Parent 2 for pigIronChicken
[13:16:42] [ERROR] Could not find Parent 1 for bloodSlime
[13:16:42] [ERROR] Could not find Parent 1 for magmaSlime
[13:16:42] [ERROR] Could not find Parent 1 for blueSlime
[13:16:42] [ERROR] Could not find Parent 1 for blackquartzchicken
[13:16:42] [ERROR] Could not find Parent 1 for restoniacrystalchicken
[13:16:42] [ERROR] Could not find Parent 1 for voidcrystalchicken
[13:16:42] [ERROR] Could not find Parent 2 for enoricrystalchicken
[13:16:42] [ERROR] Could not find Parent 2 for emeradiccrystalchicken
[13:16:42] [ERROR] Could not find Parent 1 for redstonecrystalchicken
[13:16:42] [ERROR] Could not find Parent 2 for stoneburntchicken
[13:16:42] [ERROR] Could not find Parent 2 for moonstonechicken
[13:16:42] [ERROR] Could not find Parent 1 for magicalwoodchicken
[13:16:42] [ERROR] Could not find Parent 1 for titaniumchicken
[13:16:42] [INFO] More Chickens Loading Config...
